<?xml version="1.0" encoding="UTF-8"?>
<!-- Generated by org.testng.reporters.JUnitReportReporter -->
<testsuite hostname="SudhaGuru" name="webDriverExamples.WindowsAlertsIframesExamples" tests="1" failures="0" timestamp="8 Oct 2016 12:06:07 GMT" time="33.413" errors="0">
  <testcase name="waitElemetsExamples" time="33.413" classname="webDriverExamples.WindowsAlertsIframesExamples"/>
</testsuite> <!-- webDriverExamples.WindowsAlertsIframesExamples -->
