<?xml version="1.0" encoding="UTF-8"?>
<!-- Generated by org.testng.reporters.JUnitReportReporter -->
<testsuite hostname="SudhaGuru" name="webDriverExamples.SeleniumFindByElement" tests="1" failures="0" timestamp="8 Oct 2016 10:31:44 GMT" time="4.788" errors="0">
  <testcase name="findElementExamples" time="4.788" classname="webDriverExamples.SeleniumFindByElement"/>
</testsuite> <!-- webDriverExamples.SeleniumFindByElement -->
