<?xml version="1.0" encoding="UTF-8"?>
<!-- Generated by org.testng.reporters.JUnitReportReporter -->
<testsuite hostname="SudhaGuru" name="unitTestsExamples.testNg.BasicAnnotationExample" tests="2" failures="0" timestamp="24 Sep 2016 11:56:51 GMT" time="0.014" errors="0">
  <testcase name="testCase1" time="0.010" classname="unitTestsExamples.testNg.BasicAnnotationExample"/>
  <testcase name="testCase2" time="0.004" classname="unitTestsExamples.testNg.BasicAnnotationExample"/>
</testsuite> <!-- unitTestsExamples.testNg.BasicAnnotationExample -->
