<?xml version="1.0" encoding="UTF-8"?>
<!-- Generated by org.testng.reporters.JUnitReportReporter -->
<testsuite hostname="SudhaGuru" name="unitTestsExamples.testNg.GroupingExample" tests="2" failures="0" timestamp="24 Sep 2016 12:20:27 GMT" time="0.032" errors="0">
  <testcase name="testLiveOnly" time="0.029" classname="unitTestsExamples.testNg.GroupingExample"/>
  <testcase name="testUatLive" time="0.003" classname="unitTestsExamples.testNg.GroupingExample"/>
</testsuite> <!-- unitTestsExamples.testNg.GroupingExample -->
