<?xml version="1.0" encoding="UTF-8"?>
<!-- Generated by org.testng.reporters.JUnitReportReporter -->
<testsuite hostname="SudhaGuru" name="webDriverExamples.ExtractLinks" tests="1" failures="0" timestamp="8 Oct 2016 12:39:52 GMT" time="20.670" errors="0">
  <testcase name="linksTest" time="20.670" classname="webDriverExamples.ExtractLinks"/>
</testsuite> <!-- webDriverExamples.ExtractLinks -->
