<?xml version="1.0" encoding="UTF-8"?>
<!-- Generated by org.testng.reporters.JUnitReportReporter -->
<testsuite hostname="SudhaGuru" name="webDriverExamples.MouseActionExamples" tests="1" failures="0" timestamp="9 Oct 2016 09:41:55 GMT" time="16.289" errors="0">
  <testcase name="mouseActionTest" time="16.289" classname="webDriverExamples.MouseActionExamples"/>
</testsuite> <!-- webDriverExamples.MouseActionExamples -->
