<?xml version="1.0" encoding="UTF-8"?>
<!-- Generated by org.testng.reporters.JUnitReportReporter -->
<testsuite hostname="SudhaGuru" name="webDriverExamples.ScreenShotTakingExamples" tests="1" failures="0" timestamp="9 Oct 2016 10:02:04 GMT" time="10.467" errors="0">
  <testcase name="findElementExamples" time="10.467" classname="webDriverExamples.ScreenShotTakingExamples"/>
</testsuite> <!-- webDriverExamples.ScreenShotTakingExamples -->
